2024-10-10 18:32:22.859 [main] DEBUG org.apache.poi.openxml4j.opc.PackageRelationshipCollection - Parsing relationship: /xl/_rels/workbook.xml.rels
2024-10-10 18:32:22.890 [main] DEBUG org.apache.poi.openxml4j.opc.PackageRelationshipCollection - Parsing relationship: /xl/worksheets/_rels/sheet1.xml.rels
2024-10-10 18:32:22.912 [main] DEBUG org.apache.poi.openxml4j.opc.PackageRelationshipCollection - Parsing relationship: /xl/worksheets/_rels/sheet2.xml.rels
2024-10-10 18:32:22.920 [main] DEBUG org.apache.poi.openxml4j.opc.PackageRelationshipCollection - Parsing relationship: /_rels/.rels
2024-10-10 18:32:24.675 [main] DEBUG org.apache.poi.ooxml.POIXMLFactory - using default POIXMLDocumentPart for http://schemas.openxmlformats.org/officeDocument/2006/relationships/printerSettings
2024-10-10 18:32:24.676 [main] DEBUG org.apache.poi.ooxml.POIXMLFactory - using default POIXMLDocumentPart for http://schemas.openxmlformats.org/officeDocument/2006/relationships/printerSettings
2024-10-10 18:44:41.710 [main] DEBUG org.apache.poi.openxml4j.opc.PackageRelationshipCollection - Parsing relationship: /xl/_rels/workbook.xml.rels
2024-10-10 18:44:41.742 [main] DEBUG org.apache.poi.openxml4j.opc.PackageRelationshipCollection - Parsing relationship: /xl/worksheets/_rels/sheet1.xml.rels
2024-10-10 18:44:41.768 [main] DEBUG org.apache.poi.openxml4j.opc.PackageRelationshipCollection - Parsing relationship: /xl/worksheets/_rels/sheet2.xml.rels
2024-10-10 18:44:41.776 [main] DEBUG org.apache.poi.openxml4j.opc.PackageRelationshipCollection - Parsing relationship: /_rels/.rels
2024-10-10 18:44:43.558 [main] DEBUG org.apache.poi.ooxml.POIXMLFactory - using default POIXMLDocumentPart for http://schemas.openxmlformats.org/officeDocument/2006/relationships/printerSettings
2024-10-10 18:44:43.559 [main] DEBUG org.apache.poi.ooxml.POIXMLFactory - using default POIXMLDocumentPart for http://schemas.openxmlformats.org/officeDocument/2006/relationships/printerSettings
2024-10-10 21:12:51.460 [main] INFO  Utilities.TestNGAndExtentReportListener - suite started
2024-10-10 21:12:51.473 [main] ERROR Utilities.TestNGAndExtentReportListener - Throwing
2024-10-10 21:13:05.109 [main] INFO  Utilities.TestNGAndExtentReportListener - verifyLoginWithInvalidCredentials This is from Log4j Passed
2024-10-10 21:13:05.621 [main] DEBUG org.apache.poi.openxml4j.opc.PackageRelationshipCollection - Parsing relationship: /xl/_rels/workbook.xml.rels
2024-10-10 21:13:05.637 [main] DEBUG org.apache.poi.openxml4j.opc.PackageRelationshipCollection - Parsing relationship: /xl/worksheets/_rels/sheet1.xml.rels
2024-10-10 21:13:05.650 [main] DEBUG org.apache.poi.openxml4j.opc.PackageRelationshipCollection - Parsing relationship: /xl/worksheets/_rels/sheet2.xml.rels
2024-10-10 21:13:05.655 [main] DEBUG org.apache.poi.openxml4j.opc.PackageRelationshipCollection - Parsing relationship: /_rels/.rels
2024-10-10 21:13:07.278 [main] DEBUG org.apache.poi.ooxml.POIXMLFactory - using default POIXMLDocumentPart for http://schemas.openxmlformats.org/officeDocument/2006/relationships/printerSettings
2024-10-10 21:13:07.279 [main] DEBUG org.apache.poi.ooxml.POIXMLFactory - using default POIXMLDocumentPart for http://schemas.openxmlformats.org/officeDocument/2006/relationships/printerSettings
2024-10-10 21:13:11.551 [main] INFO  Utilities.TestNGAndExtentReportListener - verifyLoginWithValidCredentials This is from Log4j Passed
2024-10-10 21:13:15.151 [main] INFO  Utilities.TestNGAndExtentReportListener - verifyLoginWithValidCredentials This is from Log4j Passed
2024-10-10 21:13:18.550 [main] INFO  Utilities.TestNGAndExtentReportListener - verifyLoginWithValidCredentials This is from Log4j Passed
2024-10-10 21:13:31.044 [main] INFO  Utilities.TestNGAndExtentReportListener - VerifyRegistration_button This is from Log4j Passed
2024-10-10 21:13:31.276 [main] INFO  Utilities.TestNGAndExtentReportListener - VerifyRegistration_PrivacyWarning This is from Log4j Passed
2024-10-10 21:13:31.467 [main] INFO  Utilities.TestNGAndExtentReportListener - VerifyRegistration_Name_emailWarning This is from Log4j Passed
2024-10-10 21:13:34.814 [main] INFO  Utilities.TestNGAndExtentReportListener - VerifyRegisterAccountWithAllFields This is from Log4j Passed
2024-10-10 21:13:36.085 [main] INFO  Utilities.TestNGAndExtentReportListener - VerifyLogOut This is from Log4j Passed
2024-10-10 21:13:49.454 [main] INFO  Utilities.TestNGAndExtentReportListener - verifySearchWithValidProduct This is from Log4j Passed
2024-10-10 21:13:50.672 [main] INFO  Utilities.TestNGAndExtentReportListener - verifySearchWithInvalidProduct This is from Log4j Passed
2024-10-10 21:13:51.978 [main] INFO  Utilities.TestNGAndExtentReportListener - verifySearchWithInvalidProduct1 This is from Log4j Failure
2024-10-10 21:13:52.006 [main] INFO  Utilities.TestNGAndExtentReportListener - verifySearchWithInvalidProduct2 This is from Log4j skipped
2024-10-10 21:45:07.474 [main] DEBUG org.apache.poi.openxml4j.opc.PackageRelationshipCollection - Parsing relationship: /xl/_rels/workbook.xml.rels
2024-10-10 21:45:07.546 [main] DEBUG org.apache.poi.openxml4j.opc.PackageRelationshipCollection - Parsing relationship: /xl/worksheets/_rels/sheet1.xml.rels
2024-10-10 21:45:07.589 [main] DEBUG org.apache.poi.openxml4j.opc.PackageRelationshipCollection - Parsing relationship: /xl/worksheets/_rels/sheet2.xml.rels
2024-10-10 21:45:07.594 [main] DEBUG org.apache.poi.openxml4j.opc.PackageRelationshipCollection - Parsing relationship: /_rels/.rels
2024-10-10 21:45:08.883 [main] DEBUG org.apache.poi.ooxml.POIXMLFactory - using default POIXMLDocumentPart for http://schemas.openxmlformats.org/officeDocument/2006/relationships/printerSettings
2024-10-10 21:45:08.885 [main] DEBUG org.apache.poi.ooxml.POIXMLFactory - using default POIXMLDocumentPart for http://schemas.openxmlformats.org/officeDocument/2006/relationships/printerSettings
2024-10-13 21:29:55.362 [main] INFO  Utilities.TestNGAndExtentReportListener - tutorialsNinjaProj-POM-PageFactorysuite started
2024-10-13 21:29:55.376 [main] ERROR Utilities.TestNGAndExtentReportListener - Throwing
2024-10-13 21:29:55.427 [main] INFO  Utilities.TestNGAndExtentReportListener - context started
2024-10-13 21:29:55.427 [main] ERROR Utilities.TestNGAndExtentReportListener - Throwing
2024-10-13 21:30:08.838 [main] INFO  Utilities.TestNGAndExtentReportListener - verifyLoginWithInvalidCredentials This is from Log4j Passed
2024-10-13 21:30:09.521 [main] DEBUG org.apache.poi.openxml4j.opc.PackageRelationshipCollection - Parsing relationship: /xl/_rels/workbook.xml.rels
2024-10-13 21:30:09.537 [main] DEBUG org.apache.poi.openxml4j.opc.PackageRelationshipCollection - Parsing relationship: /xl/worksheets/_rels/sheet1.xml.rels
2024-10-13 21:30:09.544 [main] DEBUG org.apache.poi.openxml4j.opc.PackageRelationshipCollection - Parsing relationship: /xl/worksheets/_rels/sheet2.xml.rels
2024-10-13 21:30:09.546 [main] DEBUG org.apache.poi.openxml4j.opc.PackageRelationshipCollection - Parsing relationship: /_rels/.rels
2024-10-13 21:30:11.560 [main] DEBUG org.apache.poi.ooxml.POIXMLFactory - using default POIXMLDocumentPart for http://schemas.openxmlformats.org/officeDocument/2006/relationships/printerSettings
2024-10-13 21:30:11.561 [main] DEBUG org.apache.poi.ooxml.POIXMLFactory - using default POIXMLDocumentPart for http://schemas.openxmlformats.org/officeDocument/2006/relationships/printerSettings
2024-10-13 21:30:14.948 [main] INFO  Utilities.TestNGAndExtentReportListener - verifyLoginWithValidCredentials This is from Log4j Passed
2024-10-13 21:30:18.098 [main] INFO  Utilities.TestNGAndExtentReportListener - verifyLoginWithValidCredentials This is from Log4j Passed
2024-10-13 21:30:21.448 [main] INFO  Utilities.TestNGAndExtentReportListener - verifyLoginWithValidCredentials This is from Log4j Passed
2024-10-13 21:30:33.317 [main] INFO  Utilities.TestNGAndExtentReportListener - VerifyRegistration_button This is from Log4j Passed
2024-10-13 21:30:33.627 [main] INFO  Utilities.TestNGAndExtentReportListener - VerifyRegistration_PrivacyWarning This is from Log4j Passed
2024-10-13 21:30:33.847 [main] INFO  Utilities.TestNGAndExtentReportListener - VerifyRegistration_Name_emailWarning This is from Log4j Passed
2024-10-13 21:30:37.383 [main] INFO  Utilities.TestNGAndExtentReportListener - VerifyRegisterAccountWithAllFields This is from Log4j Passed
2024-10-13 21:30:38.645 [main] INFO  Utilities.TestNGAndExtentReportListener - VerifyLogOut This is from Log4j Passed
2024-10-13 21:30:51.397 [main] INFO  Utilities.TestNGAndExtentReportListener - verifySearchWithValidProduct This is from Log4j Passed
2024-10-13 21:30:52.378 [main] INFO  Utilities.TestNGAndExtentReportListener - verifySearchWithInvalidProduct This is from Log4j Passed
2024-10-13 21:30:55.688 [main] INFO  Utilities.TestNGAndExtentReportListener - tutorialsNinjaProj-POM-PageFactorysuite Finished
2024-10-13 21:39:21.577 [main] INFO  Utilities.TestNGAndExtentReportListener - tutorialsNinjaProj-POM-PageFactorysuite started
2024-10-13 21:39:21.598 [main] ERROR Utilities.TestNGAndExtentReportListener - Throwing
2024-10-13 21:39:21.668 [main] INFO  Utilities.TestNGAndExtentReportListener - context started
2024-10-13 21:39:21.671 [main] ERROR Utilities.TestNGAndExtentReportListener - Throwing
2024-10-13 21:39:34.082 [main] INFO  Utilities.TestNGAndExtentReportListener - verifyLoginWithInvalidCredentials This is from Log4j Passed
2024-10-13 21:39:34.615 [main] DEBUG org.apache.poi.openxml4j.opc.PackageRelationshipCollection - Parsing relationship: /xl/_rels/workbook.xml.rels
2024-10-13 21:39:34.639 [main] DEBUG org.apache.poi.openxml4j.opc.PackageRelationshipCollection - Parsing relationship: /xl/worksheets/_rels/sheet1.xml.rels
2024-10-13 21:39:34.650 [main] DEBUG org.apache.poi.openxml4j.opc.PackageRelationshipCollection - Parsing relationship: /xl/worksheets/_rels/sheet2.xml.rels
2024-10-13 21:39:34.655 [main] DEBUG org.apache.poi.openxml4j.opc.PackageRelationshipCollection - Parsing relationship: /_rels/.rels
2024-10-13 21:39:36.343 [main] DEBUG org.apache.poi.ooxml.POIXMLFactory - using default POIXMLDocumentPart for http://schemas.openxmlformats.org/officeDocument/2006/relationships/printerSettings
2024-10-13 21:39:36.346 [main] DEBUG org.apache.poi.ooxml.POIXMLFactory - using default POIXMLDocumentPart for http://schemas.openxmlformats.org/officeDocument/2006/relationships/printerSettings
2024-10-13 21:39:39.507 [main] INFO  Utilities.TestNGAndExtentReportListener - verifyLoginWithValidCredentials This is from Log4j Passed
2024-10-13 21:39:42.410 [main] INFO  Utilities.TestNGAndExtentReportListener - verifyLoginWithValidCredentials This is from Log4j Passed
2024-10-13 21:39:45.659 [main] INFO  Utilities.TestNGAndExtentReportListener - verifyLoginWithValidCredentials This is from Log4j Passed
2024-10-13 21:39:57.528 [main] INFO  Utilities.TestNGAndExtentReportListener - VerifyRegistration_button This is from Log4j Passed
2024-10-13 21:39:57.731 [main] INFO  Utilities.TestNGAndExtentReportListener - VerifyRegistration_PrivacyWarning This is from Log4j Passed
2024-10-13 21:39:57.923 [main] INFO  Utilities.TestNGAndExtentReportListener - VerifyRegistration_Name_emailWarning This is from Log4j Passed
2024-10-13 21:40:02.791 [main] INFO  Utilities.TestNGAndExtentReportListener - VerifyRegisterAccountWithAllFields This is from Log4j Passed
2024-10-13 21:40:03.590 [main] INFO  Utilities.TestNGAndExtentReportListener - VerifyLogOut This is from Log4j Passed
2024-10-13 21:40:13.765 [main] INFO  Utilities.TestNGAndExtentReportListener - verifySearchWithValidProduct This is from Log4j Passed
2024-10-13 21:40:15.062 [main] INFO  Utilities.TestNGAndExtentReportListener - verifySearchWithInvalidProduct This is from Log4j Passed
2024-10-13 21:40:17.624 [main] INFO  Utilities.TestNGAndExtentReportListener - tutorialsNinjaProj-POM-PageFactorysuite Finished
2024-10-13 21:45:47.450 [main] INFO  Utilities.TestNGAndExtentReportListener - tutorialsNinjaProj-POM-PageFactorysuite started
2024-10-13 21:45:47.467 [main] ERROR Utilities.TestNGAndExtentReportListener - Throwing
2024-10-13 21:45:47.537 [main] INFO  Utilities.TestNGAndExtentReportListener - context started
2024-10-13 21:45:47.538 [main] ERROR Utilities.TestNGAndExtentReportListener - Throwing
2024-10-13 21:45:59.445 [main] INFO  Utilities.TestNGAndExtentReportListener - verifyLoginWithInvalidCredentials This is from Log4j Passed
2024-10-13 21:45:59.962 [main] DEBUG org.apache.poi.openxml4j.opc.PackageRelationshipCollection - Parsing relationship: /xl/_rels/workbook.xml.rels
2024-10-13 21:45:59.977 [main] DEBUG org.apache.poi.openxml4j.opc.PackageRelationshipCollection - Parsing relationship: /xl/worksheets/_rels/sheet1.xml.rels
2024-10-13 21:45:59.988 [main] DEBUG org.apache.poi.openxml4j.opc.PackageRelationshipCollection - Parsing relationship: /xl/worksheets/_rels/sheet2.xml.rels
2024-10-13 21:45:59.994 [main] DEBUG org.apache.poi.openxml4j.opc.PackageRelationshipCollection - Parsing relationship: /_rels/.rels
2024-10-13 21:46:01.881 [main] DEBUG org.apache.poi.ooxml.POIXMLFactory - using default POIXMLDocumentPart for http://schemas.openxmlformats.org/officeDocument/2006/relationships/printerSettings
2024-10-13 21:46:01.882 [main] DEBUG org.apache.poi.ooxml.POIXMLFactory - using default POIXMLDocumentPart for http://schemas.openxmlformats.org/officeDocument/2006/relationships/printerSettings
2024-10-13 21:46:05.466 [main] INFO  Utilities.TestNGAndExtentReportListener - verifyLoginWithValidCredentials This is from Log4j Passed
2024-10-13 21:46:08.662 [main] INFO  Utilities.TestNGAndExtentReportListener - verifyLoginWithValidCredentials This is from Log4j Passed
2024-10-13 21:46:12.061 [main] INFO  Utilities.TestNGAndExtentReportListener - verifyLoginWithValidCredentials This is from Log4j Passed
2024-10-13 21:46:24.647 [main] INFO  Utilities.TestNGAndExtentReportListener - VerifyRegistration_button This is from Log4j Passed
2024-10-13 21:46:24.839 [main] INFO  Utilities.TestNGAndExtentReportListener - VerifyRegistration_PrivacyWarning This is from Log4j Passed
2024-10-13 21:46:25.072 [main] INFO  Utilities.TestNGAndExtentReportListener - VerifyRegistration_Name_emailWarning This is from Log4j Passed
2024-10-13 21:46:27.997 [main] INFO  Utilities.TestNGAndExtentReportListener - VerifyRegisterAccountWithAllFields This is from Log4j Passed
2024-10-13 21:46:28.827 [main] INFO  Utilities.TestNGAndExtentReportListener - VerifyLogOut This is from Log4j Passed
2024-10-13 21:46:38.797 [main] INFO  Utilities.TestNGAndExtentReportListener - verifySearchWithValidProduct This is from Log4j Passed
2024-10-13 21:46:40.097 [main] INFO  Utilities.TestNGAndExtentReportListener - verifySearchWithInvalidProduct This is from Log4j Passed
2024-10-13 21:46:42.521 [main] INFO  Utilities.TestNGAndExtentReportListener - tutorialsNinjaProj-POM-PageFactorysuite Finished
2024-10-13 21:54:29.379 [main] INFO  Utilities.TestNGAndExtentReportListener - tutorialsNinjaProj-POM-PageFactorysuite started
2024-10-13 21:54:29.390 [main] ERROR Utilities.TestNGAndExtentReportListener - Throwing
2024-10-13 21:54:29.427 [main] INFO  Utilities.TestNGAndExtentReportListener - context started
2024-10-13 21:54:29.427 [main] ERROR Utilities.TestNGAndExtentReportListener - Throwing
2024-10-13 21:54:41.299 [main] INFO  Utilities.TestNGAndExtentReportListener - verifyLoginWithInvalidCredentials This is from Log4j Passed
2024-10-13 21:54:42.223 [main] DEBUG org.apache.poi.openxml4j.opc.PackageRelationshipCollection - Parsing relationship: /xl/_rels/workbook.xml.rels
2024-10-13 21:54:42.239 [main] DEBUG org.apache.poi.openxml4j.opc.PackageRelationshipCollection - Parsing relationship: /xl/worksheets/_rels/sheet1.xml.rels
2024-10-13 21:54:42.251 [main] DEBUG org.apache.poi.openxml4j.opc.PackageRelationshipCollection - Parsing relationship: /xl/worksheets/_rels/sheet2.xml.rels
2024-10-13 21:54:42.256 [main] DEBUG org.apache.poi.openxml4j.opc.PackageRelationshipCollection - Parsing relationship: /_rels/.rels
2024-10-13 21:54:43.944 [main] DEBUG org.apache.poi.ooxml.POIXMLFactory - using default POIXMLDocumentPart for http://schemas.openxmlformats.org/officeDocument/2006/relationships/printerSettings
2024-10-13 21:54:43.945 [main] DEBUG org.apache.poi.ooxml.POIXMLFactory - using default POIXMLDocumentPart for http://schemas.openxmlformats.org/officeDocument/2006/relationships/printerSettings
2024-10-13 21:54:47.612 [main] INFO  Utilities.TestNGAndExtentReportListener - verifyLoginWithValidCredentials This is from Log4j Passed
2024-10-13 21:54:51.826 [main] INFO  Utilities.TestNGAndExtentReportListener - verifyLoginWithValidCredentials This is from Log4j Passed
2024-10-13 21:54:55.661 [main] INFO  Utilities.TestNGAndExtentReportListener - verifyLoginWithValidCredentials This is from Log4j Passed
2024-10-13 21:55:12.891 [main] INFO  Utilities.TestNGAndExtentReportListener - VerifyRegistration_button This is from Log4j Passed
2024-10-13 21:55:13.236 [main] INFO  Utilities.TestNGAndExtentReportListener - VerifyRegistration_PrivacyWarning This is from Log4j Passed
2024-10-13 21:55:13.638 [main] INFO  Utilities.TestNGAndExtentReportListener - VerifyRegistration_Name_emailWarning This is from Log4j Passed
2024-10-13 21:55:19.347 [main] INFO  Utilities.TestNGAndExtentReportListener - VerifyRegisterAccountWithAllFields This is from Log4j Passed
2024-10-13 21:55:21.161 [main] INFO  Utilities.TestNGAndExtentReportListener - VerifyLogOut This is from Log4j Passed
2024-10-13 21:55:35.634 [main] INFO  Utilities.TestNGAndExtentReportListener - verifySearchWithValidProduct This is from Log4j Passed
2024-10-13 21:55:36.884 [main] INFO  Utilities.TestNGAndExtentReportListener - verifySearchWithInvalidProduct This is from Log4j Passed
2024-10-13 21:55:38.623 [main] INFO  Utilities.TestNGAndExtentReportListener - verifySearchWithInvalidProduct1 This is from Log4j Failure
2024-10-13 21:55:38.646 [main] INFO  Utilities.TestNGAndExtentReportListener - verifySearchWithInvalidProduct2 This is from Log4j skipped
2024-10-13 21:55:41.415 [main] INFO  Utilities.TestNGAndExtentReportListener - tutorialsNinjaProj-POM-PageFactorysuite Finished
2024-10-27 11:33:28.984 [main] INFO  Utilities.TestNGAndExtentReportListener - tutorialsNinjaProj-POM-PageFactorysuite started
2024-10-27 11:33:28.994 [main] ERROR Utilities.TestNGAndExtentReportListener - Throwing
2024-10-27 11:33:29.036 [main] INFO  Utilities.TestNGAndExtentReportListener - context started
2024-10-27 11:33:29.036 [main] ERROR Utilities.TestNGAndExtentReportListener - Throwing
2024-10-27 11:33:44.098 [main] INFO  Utilities.TestNGAndExtentReportListener - verifyLoginWithInvalidCredentials This is from Log4j Passed
2024-10-27 11:33:45.650 [main] DEBUG org.apache.poi.openxml4j.opc.PackageRelationshipCollection - Parsing relationship: /xl/_rels/workbook.xml.rels
2024-10-27 11:33:45.669 [main] DEBUG org.apache.poi.openxml4j.opc.PackageRelationshipCollection - Parsing relationship: /xl/worksheets/_rels/sheet1.xml.rels
2024-10-27 11:33:45.685 [main] DEBUG org.apache.poi.openxml4j.opc.PackageRelationshipCollection - Parsing relationship: /xl/worksheets/_rels/sheet2.xml.rels
2024-10-27 11:33:45.691 [main] DEBUG org.apache.poi.openxml4j.opc.PackageRelationshipCollection - Parsing relationship: /_rels/.rels
2024-10-27 11:33:48.321 [main] DEBUG org.apache.poi.ooxml.POIXMLFactory - using default POIXMLDocumentPart for http://schemas.openxmlformats.org/officeDocument/2006/relationships/printerSettings
2024-10-27 11:33:48.322 [main] DEBUG org.apache.poi.ooxml.POIXMLFactory - using default POIXMLDocumentPart for http://schemas.openxmlformats.org/officeDocument/2006/relationships/printerSettings
2024-10-27 11:33:51.943 [main] INFO  Utilities.TestNGAndExtentReportListener - verifyLoginWithValidCredentials This is from Log4j Passed
2024-10-27 11:33:55.118 [main] INFO  Utilities.TestNGAndExtentReportListener - verifyLoginWithValidCredentials This is from Log4j Passed
2024-10-27 11:33:58.507 [main] INFO  Utilities.TestNGAndExtentReportListener - verifyLoginWithValidCredentials This is from Log4j Passed
2024-10-27 11:34:15.883 [main] INFO  Utilities.TestNGAndExtentReportListener - VerifyRegistration_button This is from Log4j Passed
2024-10-27 11:34:16.128 [main] INFO  Utilities.TestNGAndExtentReportListener - VerifyRegistration_PrivacyWarning This is from Log4j Passed
2024-10-27 11:34:16.450 [main] INFO  Utilities.TestNGAndExtentReportListener - VerifyRegistration_Name_emailWarning This is from Log4j Passed
2024-10-27 11:34:25.647 [main] INFO  Utilities.TestNGAndExtentReportListener - VerifyRegisterAccountWithAllFields This is from Log4j Passed
2024-10-27 11:34:26.821 [main] INFO  Utilities.TestNGAndExtentReportListener - VerifyLogOut This is from Log4j Passed
2024-10-27 11:34:46.002 [main] INFO  Utilities.TestNGAndExtentReportListener - verifySearchWithValidProduct This is from Log4j Failure
2024-10-27 11:34:47.539 [main] INFO  Utilities.TestNGAndExtentReportListener - verifySearchWithInvalidProduct This is from Log4j Passed
2024-10-27 11:34:49.036 [main] INFO  Utilities.TestNGAndExtentReportListener - verifySearchWithInvalidProduct1 This is from Log4j Failure
2024-10-27 11:34:49.092 [main] INFO  Utilities.TestNGAndExtentReportListener - verifySearchWithInvalidProduct2 This is from Log4j skipped
2024-10-27 11:34:51.881 [main] INFO  Utilities.TestNGAndExtentReportListener - tutorialsNinjaProj-POM-PageFactorysuite Finished
2024-10-27 11:48:54.734 [main] INFO  Utilities.TestNGAndExtentReportListener - tutorialsNinjaProj-POM-PageFactorysuite started
2024-10-27 11:48:54.757 [main] ERROR Utilities.TestNGAndExtentReportListener - Throwing
2024-10-27 11:48:54.822 [main] INFO  Utilities.TestNGAndExtentReportListener - context started
2024-10-27 11:48:54.822 [main] ERROR Utilities.TestNGAndExtentReportListener - Throwing
2024-10-27 11:49:17.578 [main] INFO  Utilities.TestNGAndExtentReportListener - verifyLoginWithInvalidCredentials This is from Log4j Passed
2024-10-27 11:49:18.718 [main] DEBUG org.apache.poi.openxml4j.opc.PackageRelationshipCollection - Parsing relationship: /xl/_rels/workbook.xml.rels
2024-10-27 11:49:18.733 [main] DEBUG org.apache.poi.openxml4j.opc.PackageRelationshipCollection - Parsing relationship: /xl/worksheets/_rels/sheet1.xml.rels
2024-10-27 11:49:18.756 [main] DEBUG org.apache.poi.openxml4j.opc.PackageRelationshipCollection - Parsing relationship: /xl/worksheets/_rels/sheet2.xml.rels
2024-10-27 11:49:18.765 [main] DEBUG org.apache.poi.openxml4j.opc.PackageRelationshipCollection - Parsing relationship: /_rels/.rels
2024-10-27 11:49:20.216 [main] DEBUG org.apache.poi.ooxml.POIXMLFactory - using default POIXMLDocumentPart for http://schemas.openxmlformats.org/officeDocument/2006/relationships/printerSettings
2024-10-27 11:49:20.217 [main] DEBUG org.apache.poi.ooxml.POIXMLFactory - using default POIXMLDocumentPart for http://schemas.openxmlformats.org/officeDocument/2006/relationships/printerSettings
2024-10-27 11:49:24.294 [main] INFO  Utilities.TestNGAndExtentReportListener - verifyLoginWithValidCredentials This is from Log4j Passed
2024-10-27 11:49:27.803 [main] INFO  Utilities.TestNGAndExtentReportListener - verifyLoginWithValidCredentials This is from Log4j Passed
2024-10-27 11:49:32.304 [main] INFO  Utilities.TestNGAndExtentReportListener - verifyLoginWithValidCredentials This is from Log4j Passed
2024-10-27 11:49:55.712 [main] INFO  Utilities.TestNGAndExtentReportListener - VerifyRegistration_button This is from Log4j Passed
2024-10-27 11:49:55.956 [main] INFO  Utilities.TestNGAndExtentReportListener - VerifyRegistration_PrivacyWarning This is from Log4j Passed
2024-10-27 11:49:56.123 [main] INFO  Utilities.TestNGAndExtentReportListener - VerifyRegistration_Name_emailWarning This is from Log4j Passed
2024-10-27 11:49:58.508 [main] INFO  Utilities.TestNGAndExtentReportListener - VerifyRegisterAccountWithAllFields This is from Log4j Passed
2024-10-27 11:49:59.502 [main] INFO  Utilities.TestNGAndExtentReportListener - VerifyLogOut This is from Log4j Passed
2024-10-27 11:50:19.987 [main] INFO  Utilities.TestNGAndExtentReportListener - verifySearchWithValidProduct This is from Log4j Passed
2024-10-27 11:50:21.355 [main] INFO  Utilities.TestNGAndExtentReportListener - verifySearchWithInvalidProduct This is from Log4j Passed
2024-10-27 11:50:22.608 [main] INFO  Utilities.TestNGAndExtentReportListener - verifySearchWithInvalidProduct1 This is from Log4j Failure
2024-10-27 11:50:22.629 [main] INFO  Utilities.TestNGAndExtentReportListener - verifySearchWithInvalidProduct2 This is from Log4j skipped
2024-10-27 11:50:28.127 [main] INFO  Utilities.TestNGAndExtentReportListener - tutorialsNinjaProj-POM-PageFactorysuite Finished
2024-10-27 11:52:02.319 [main] INFO  Utilities.TestNGAndExtentReportListener - tutorialsNinjaProj-POM-PageFactorysuite started
2024-10-27 11:52:02.329 [main] ERROR Utilities.TestNGAndExtentReportListener - Throwing
2024-10-27 11:52:02.368 [main] INFO  Utilities.TestNGAndExtentReportListener - context started
2024-10-27 11:52:02.368 [main] ERROR Utilities.TestNGAndExtentReportListener - Throwing
2024-10-27 11:52:18.969 [main] INFO  Utilities.TestNGAndExtentReportListener - verifyLoginWithInvalidCredentials This is from Log4j Passed
2024-10-27 11:52:19.870 [main] DEBUG org.apache.poi.openxml4j.opc.PackageRelationshipCollection - Parsing relationship: /xl/_rels/workbook.xml.rels
2024-10-27 11:52:19.888 [main] DEBUG org.apache.poi.openxml4j.opc.PackageRelationshipCollection - Parsing relationship: /xl/worksheets/_rels/sheet1.xml.rels
2024-10-27 11:52:19.929 [main] DEBUG org.apache.poi.openxml4j.opc.PackageRelationshipCollection - Parsing relationship: /xl/worksheets/_rels/sheet2.xml.rels
2024-10-27 11:52:19.933 [main] DEBUG org.apache.poi.openxml4j.opc.PackageRelationshipCollection - Parsing relationship: /_rels/.rels
2024-10-27 11:52:21.125 [main] DEBUG org.apache.poi.ooxml.POIXMLFactory - using default POIXMLDocumentPart for http://schemas.openxmlformats.org/officeDocument/2006/relationships/printerSettings
2024-10-27 11:52:21.128 [main] DEBUG org.apache.poi.ooxml.POIXMLFactory - using default POIXMLDocumentPart for http://schemas.openxmlformats.org/officeDocument/2006/relationships/printerSettings
2024-10-27 11:52:25.797 [main] INFO  Utilities.TestNGAndExtentReportListener - verifyLoginWithValidCredentials This is from Log4j Passed
2024-10-27 11:52:29.476 [main] INFO  Utilities.TestNGAndExtentReportListener - verifyLoginWithValidCredentials This is from Log4j Passed
2024-10-27 11:52:33.163 [main] INFO  Utilities.TestNGAndExtentReportListener - verifyLoginWithValidCredentials This is from Log4j Passed
2024-10-27 11:52:52.038 [main] INFO  Utilities.TestNGAndExtentReportListener - VerifyRegistration_button This is from Log4j Passed
2024-10-27 11:52:52.303 [main] INFO  Utilities.TestNGAndExtentReportListener - VerifyRegistration_PrivacyWarning This is from Log4j Passed
2024-10-27 11:52:52.652 [main] INFO  Utilities.TestNGAndExtentReportListener - VerifyRegistration_Name_emailWarning This is from Log4j Passed
2024-10-27 11:52:57.656 [main] INFO  Utilities.TestNGAndExtentReportListener - VerifyRegisterAccountWithAllFields This is from Log4j Passed
2024-10-27 11:52:58.878 [main] INFO  Utilities.TestNGAndExtentReportListener - VerifyLogOut This is from Log4j Passed
2024-10-27 11:53:15.777 [main] INFO  Utilities.TestNGAndExtentReportListener - verifySearchWithValidProduct This is from Log4j Passed
2024-10-27 11:53:17.233 [main] INFO  Utilities.TestNGAndExtentReportListener - verifySearchWithInvalidProduct This is from Log4j Passed
2024-10-27 11:53:18.936 [main] INFO  Utilities.TestNGAndExtentReportListener - verifySearchWithInvalidProduct1 This is from Log4j Failure
2024-10-27 11:53:18.961 [main] INFO  Utilities.TestNGAndExtentReportListener - verifySearchWithInvalidProduct2 This is from Log4j skipped
2024-10-27 11:53:23.219 [main] INFO  Utilities.TestNGAndExtentReportListener - tutorialsNinjaProj-POM-PageFactorysuite Finished
2024-10-27 13:19:05.326 [main] INFO  Utilities.TestNGAndExtentReportListener - tutorialsNinjaProj-POM-PageFactorysuite started
2024-10-27 13:19:05.337 [main] ERROR Utilities.TestNGAndExtentReportListener - Throwing
2024-10-27 13:19:05.495 [main] INFO  Utilities.TestNGAndExtentReportListener - context started
2024-10-27 13:19:05.495 [main] ERROR Utilities.TestNGAndExtentReportListener - Throwing
2024-10-27 13:19:13.509 [main] INFO  Utilities.TestNGAndExtentReportListener - verifyLoginWithInvalidCredentials This is from Log4j Failure
2024-10-27 13:19:14.904 [main] DEBUG org.apache.poi.openxml4j.opc.PackageRelationshipCollection - Parsing relationship: /xl/_rels/workbook.xml.rels
2024-10-27 13:19:14.922 [main] DEBUG org.apache.poi.openxml4j.opc.PackageRelationshipCollection - Parsing relationship: /xl/worksheets/_rels/sheet1.xml.rels
2024-10-27 13:19:14.935 [main] DEBUG org.apache.poi.openxml4j.opc.PackageRelationshipCollection - Parsing relationship: /xl/worksheets/_rels/sheet2.xml.rels
2024-10-27 13:19:14.944 [main] DEBUG org.apache.poi.openxml4j.opc.PackageRelationshipCollection - Parsing relationship: /_rels/.rels
2024-10-27 13:19:16.498 [main] DEBUG org.apache.poi.ooxml.POIXMLFactory - using default POIXMLDocumentPart for http://schemas.openxmlformats.org/officeDocument/2006/relationships/printerSettings
2024-10-27 13:19:16.500 [main] DEBUG org.apache.poi.ooxml.POIXMLFactory - using default POIXMLDocumentPart for http://schemas.openxmlformats.org/officeDocument/2006/relationships/printerSettings
2024-10-27 13:19:17.207 [main] INFO  Utilities.TestNGAndExtentReportListener - verifyLoginWithValidCredentials This is from Log4j Failure
2024-10-27 13:19:17.564 [main] INFO  Utilities.TestNGAndExtentReportListener - verifyLoginWithValidCredentials This is from Log4j Failure
2024-10-27 13:19:17.876 [main] INFO  Utilities.TestNGAndExtentReportListener - verifyLoginWithValidCredentials This is from Log4j Failure
2024-10-27 13:19:26.199 [main] INFO  Utilities.TestNGAndExtentReportListener - VerifyRegistration_button This is from Log4j skipped
2024-10-27 13:19:26.225 [main] INFO  Utilities.TestNGAndExtentReportListener - VerifyRegistration_PrivacyWarning This is from Log4j skipped
2024-10-27 13:19:26.245 [main] INFO  Utilities.TestNGAndExtentReportListener - VerifyRegistration_Name_emailWarning This is from Log4j skipped
2024-10-27 13:19:26.284 [main] INFO  Utilities.TestNGAndExtentReportListener - VerifyRegisterAccountWithAllFields This is from Log4j skipped
2024-10-27 13:19:26.322 [main] INFO  Utilities.TestNGAndExtentReportListener - VerifyLogOut This is from Log4j skipped
2024-10-27 13:19:34.262 [main] INFO  Utilities.TestNGAndExtentReportListener - verifySearchWithValidProduct This is from Log4j Failure
2024-10-27 13:19:35.677 [main] INFO  Utilities.TestNGAndExtentReportListener - verifySearchWithInvalidProduct This is from Log4j Failure
2024-10-27 13:19:36.280 [main] INFO  Utilities.TestNGAndExtentReportListener - verifySearchWithInvalidProduct1 This is from Log4j Failure
2024-10-27 13:19:36.317 [main] INFO  Utilities.TestNGAndExtentReportListener - verifySearchWithInvalidProduct2 This is from Log4j skipped
2024-10-27 13:19:41.125 [main] INFO  Utilities.TestNGAndExtentReportListener - tutorialsNinjaProj-POM-PageFactorysuite Finished
2024-10-27 13:22:00.325 [main] INFO  Utilities.TestNGAndExtentReportListener - tutorialsNinjaProj-POM-PageFactorysuite started
2024-10-27 13:22:00.335 [main] ERROR Utilities.TestNGAndExtentReportListener - Throwing
2024-10-27 13:22:00.389 [main] INFO  Utilities.TestNGAndExtentReportListener - context started
2024-10-27 13:22:00.389 [main] ERROR Utilities.TestNGAndExtentReportListener - Throwing
2024-10-27 13:22:09.053 [main] INFO  Utilities.TestNGAndExtentReportListener - verifyLoginWithInvalidCredentials This is from Log4j Failure
2024-10-27 13:22:10.005 [main] DEBUG org.apache.poi.openxml4j.opc.PackageRelationshipCollection - Parsing relationship: /xl/_rels/workbook.xml.rels
2024-10-27 13:22:10.025 [main] DEBUG org.apache.poi.openxml4j.opc.PackageRelationshipCollection - Parsing relationship: /xl/worksheets/_rels/sheet1.xml.rels
2024-10-27 13:22:10.042 [main] DEBUG org.apache.poi.openxml4j.opc.PackageRelationshipCollection - Parsing relationship: /xl/worksheets/_rels/sheet2.xml.rels
2024-10-27 13:22:10.048 [main] DEBUG org.apache.poi.openxml4j.opc.PackageRelationshipCollection - Parsing relationship: /_rels/.rels
2024-10-27 13:22:11.500 [main] DEBUG org.apache.poi.ooxml.POIXMLFactory - using default POIXMLDocumentPart for http://schemas.openxmlformats.org/officeDocument/2006/relationships/printerSettings
2024-10-27 13:22:11.500 [main] DEBUG org.apache.poi.ooxml.POIXMLFactory - using default POIXMLDocumentPart for http://schemas.openxmlformats.org/officeDocument/2006/relationships/printerSettings
2024-10-27 13:22:12.323 [main] INFO  Utilities.TestNGAndExtentReportListener - verifyLoginWithValidCredentials This is from Log4j Failure
2024-10-27 13:22:12.621 [main] INFO  Utilities.TestNGAndExtentReportListener - verifyLoginWithValidCredentials This is from Log4j Failure
2024-10-27 13:22:12.892 [main] INFO  Utilities.TestNGAndExtentReportListener - verifyLoginWithValidCredentials This is from Log4j Failure
2024-10-27 13:22:23.973 [main] INFO  Utilities.TestNGAndExtentReportListener - VerifyRegistration_button This is from Log4j skipped
2024-10-27 13:22:23.994 [main] INFO  Utilities.TestNGAndExtentReportListener - VerifyRegistration_PrivacyWarning This is from Log4j skipped
2024-10-27 13:22:24.032 [main] INFO  Utilities.TestNGAndExtentReportListener - VerifyRegistration_Name_emailWarning This is from Log4j skipped
2024-10-27 13:22:24.067 [main] INFO  Utilities.TestNGAndExtentReportListener - VerifyRegisterAccountWithAllFields This is from Log4j skipped
2024-10-27 13:22:24.117 [main] INFO  Utilities.TestNGAndExtentReportListener - VerifyLogOut This is from Log4j skipped
2024-10-27 13:22:37.055 [main] INFO  Utilities.TestNGAndExtentReportListener - verifySearchWithValidProduct This is from Log4j skipped
2024-10-27 13:22:37.081 [main] INFO  Utilities.TestNGAndExtentReportListener - verifySearchWithInvalidProduct This is from Log4j skipped
2024-10-27 13:22:37.135 [main] INFO  Utilities.TestNGAndExtentReportListener - verifySearchWithInvalidProduct1 This is from Log4j skipped
2024-10-27 13:22:37.168 [main] INFO  Utilities.TestNGAndExtentReportListener - verifySearchWithInvalidProduct2 This is from Log4j skipped
2024-10-27 13:22:38.930 [main] INFO  Utilities.TestNGAndExtentReportListener - tutorialsNinjaProj-POM-PageFactorysuite Finished
2024-10-27 13:24:20.610 [main] INFO  Utilities.TestNGAndExtentReportListener - tutorialsNinjaProj-POM-PageFactorysuite started
2024-10-27 13:24:20.635 [main] ERROR Utilities.TestNGAndExtentReportListener - Throwing
2024-10-27 13:24:20.714 [main] INFO  Utilities.TestNGAndExtentReportListener - context started
2024-10-27 13:24:20.715 [main] ERROR Utilities.TestNGAndExtentReportListener - Throwing
2024-10-27 13:24:25.619 [main] INFO  Utilities.TestNGAndExtentReportListener - verifyLoginWithInvalidCredentials This is from Log4j Failure
2024-10-27 13:24:26.437 [main] DEBUG org.apache.poi.openxml4j.opc.PackageRelationshipCollection - Parsing relationship: /xl/_rels/workbook.xml.rels
2024-10-27 13:24:26.460 [main] DEBUG org.apache.poi.openxml4j.opc.PackageRelationshipCollection - Parsing relationship: /xl/worksheets/_rels/sheet1.xml.rels
2024-10-27 13:24:26.468 [main] DEBUG org.apache.poi.openxml4j.opc.PackageRelationshipCollection - Parsing relationship: /xl/worksheets/_rels/sheet2.xml.rels
2024-10-27 13:24:26.472 [main] DEBUG org.apache.poi.openxml4j.opc.PackageRelationshipCollection - Parsing relationship: /_rels/.rels
2024-10-27 13:24:28.143 [main] DEBUG org.apache.poi.ooxml.POIXMLFactory - using default POIXMLDocumentPart for http://schemas.openxmlformats.org/officeDocument/2006/relationships/printerSettings
2024-10-27 13:24:28.144 [main] DEBUG org.apache.poi.ooxml.POIXMLFactory - using default POIXMLDocumentPart for http://schemas.openxmlformats.org/officeDocument/2006/relationships/printerSettings
2024-10-27 13:24:28.904 [main] INFO  Utilities.TestNGAndExtentReportListener - verifyLoginWithValidCredentials This is from Log4j Failure
2024-10-27 13:24:29.321 [main] INFO  Utilities.TestNGAndExtentReportListener - verifyLoginWithValidCredentials This is from Log4j Failure
2024-10-27 13:24:29.607 [main] INFO  Utilities.TestNGAndExtentReportListener - verifyLoginWithValidCredentials This is from Log4j Failure
2024-10-27 13:24:35.241 [main] INFO  Utilities.TestNGAndExtentReportListener - VerifyRegistration_button This is from Log4j skipped
2024-10-27 13:24:35.286 [main] INFO  Utilities.TestNGAndExtentReportListener - VerifyRegistration_PrivacyWarning This is from Log4j skipped
2024-10-27 13:24:35.309 [main] INFO  Utilities.TestNGAndExtentReportListener - VerifyRegistration_Name_emailWarning This is from Log4j skipped
2024-10-27 13:24:35.339 [main] INFO  Utilities.TestNGAndExtentReportListener - VerifyRegisterAccountWithAllFields This is from Log4j skipped
2024-10-27 13:24:35.379 [main] INFO  Utilities.TestNGAndExtentReportListener - VerifyLogOut This is from Log4j skipped
2024-10-27 13:24:39.818 [main] INFO  Utilities.TestNGAndExtentReportListener - verifySearchWithValidProduct This is from Log4j Failure
2024-10-27 13:24:40.215 [main] INFO  Utilities.TestNGAndExtentReportListener - verifySearchWithInvalidProduct This is from Log4j Failure
2024-10-27 13:24:40.484 [main] INFO  Utilities.TestNGAndExtentReportListener - verifySearchWithInvalidProduct1 This is from Log4j Failure
2024-10-27 13:24:40.506 [main] INFO  Utilities.TestNGAndExtentReportListener - verifySearchWithInvalidProduct2 This is from Log4j skipped
2024-10-27 13:24:44.932 [main] INFO  Utilities.TestNGAndExtentReportListener - tutorialsNinjaProj-POM-PageFactorysuite Finished
2024-10-27 13:29:16.116 [main] INFO  Utilities.TestNGAndExtentReportListener - tutorialsNinjaProj-POM-PageFactorysuite started
2024-10-27 13:29:16.127 [main] ERROR Utilities.TestNGAndExtentReportListener - Throwing
2024-10-27 13:29:16.163 [main] INFO  Utilities.TestNGAndExtentReportListener - context started
2024-10-27 13:29:16.163 [main] ERROR Utilities.TestNGAndExtentReportListener - Throwing
2024-10-27 13:29:16.414 [main] INFO  Utilities.TestNGAndExtentReportListener - verifyLoginWithInvalidCredentials This is from Log4j skipped
2024-10-27 13:29:17.784 [main] DEBUG org.apache.poi.openxml4j.opc.PackageRelationshipCollection - Parsing relationship: /xl/_rels/workbook.xml.rels
2024-10-27 13:29:17.791 [main] DEBUG org.apache.poi.openxml4j.opc.PackageRelationshipCollection - Parsing relationship: /xl/worksheets/_rels/sheet1.xml.rels
2024-10-27 13:29:17.797 [main] DEBUG org.apache.poi.openxml4j.opc.PackageRelationshipCollection - Parsing relationship: /xl/worksheets/_rels/sheet2.xml.rels
2024-10-27 13:29:17.800 [main] DEBUG org.apache.poi.openxml4j.opc.PackageRelationshipCollection - Parsing relationship: /_rels/.rels
2024-10-27 13:29:19.178 [main] DEBUG org.apache.poi.ooxml.POIXMLFactory - using default POIXMLDocumentPart for http://schemas.openxmlformats.org/officeDocument/2006/relationships/printerSettings
2024-10-27 13:29:19.181 [main] DEBUG org.apache.poi.ooxml.POIXMLFactory - using default POIXMLDocumentPart for http://schemas.openxmlformats.org/officeDocument/2006/relationships/printerSettings
2024-10-27 13:29:19.432 [main] INFO  Utilities.TestNGAndExtentReportListener - verifyLoginWithValidCredentials This is from Log4j skipped
2024-10-27 13:29:19.451 [main] INFO  Utilities.TestNGAndExtentReportListener - verifyLoginWithValidCredentials This is from Log4j skipped
2024-10-27 13:29:19.482 [main] INFO  Utilities.TestNGAndExtentReportListener - verifyLoginWithValidCredentials This is from Log4j skipped
2024-10-27 13:29:19.526 [main] INFO  Utilities.TestNGAndExtentReportListener - VerifyRegistration_button This is from Log4j skipped
2024-10-27 13:29:19.559 [main] INFO  Utilities.TestNGAndExtentReportListener - VerifyRegistration_PrivacyWarning This is from Log4j skipped
2024-10-27 13:29:19.582 [main] INFO  Utilities.TestNGAndExtentReportListener - VerifyRegistration_Name_emailWarning This is from Log4j skipped
2024-10-27 13:29:19.617 [main] INFO  Utilities.TestNGAndExtentReportListener - VerifyRegisterAccountWithAllFields This is from Log4j skipped
2024-10-27 13:29:19.645 [main] INFO  Utilities.TestNGAndExtentReportListener - VerifyLogOut This is from Log4j skipped
2024-10-27 13:29:19.719 [main] INFO  Utilities.TestNGAndExtentReportListener - verifySearchWithValidProduct This is from Log4j skipped
2024-10-27 13:29:19.756 [main] INFO  Utilities.TestNGAndExtentReportListener - verifySearchWithInvalidProduct This is from Log4j skipped
2024-10-27 13:29:19.777 [main] INFO  Utilities.TestNGAndExtentReportListener - verifySearchWithInvalidProduct1 This is from Log4j skipped
2024-10-27 13:29:19.810 [main] INFO  Utilities.TestNGAndExtentReportListener - verifySearchWithInvalidProduct2 This is from Log4j skipped
2024-10-27 13:29:21.530 [main] INFO  Utilities.TestNGAndExtentReportListener - tutorialsNinjaProj-POM-PageFactorysuite Finished
2024-10-27 13:41:27.058 [main] INFO  Utilities.TestNGAndExtentReportListener - tutorialsNinjaProj-POM-PageFactorysuite started
2024-10-27 13:41:27.072 [main] ERROR Utilities.TestNGAndExtentReportListener - Throwing
2024-10-27 13:41:27.136 [main] INFO  Utilities.TestNGAndExtentReportListener - context started
2024-10-27 13:41:27.136 [main] ERROR Utilities.TestNGAndExtentReportListener - Throwing
2024-10-27 13:41:27.748 [main] INFO  Utilities.TestNGAndExtentReportListener - verifyLoginWithInvalidCredentials This is from Log4j skipped
2024-10-27 13:41:28.298 [main] DEBUG org.apache.poi.openxml4j.opc.PackageRelationshipCollection - Parsing relationship: /xl/_rels/workbook.xml.rels
2024-10-27 13:41:28.355 [main] DEBUG org.apache.poi.openxml4j.opc.PackageRelationshipCollection - Parsing relationship: /xl/worksheets/_rels/sheet1.xml.rels
2024-10-27 13:41:28.375 [main] DEBUG org.apache.poi.openxml4j.opc.PackageRelationshipCollection - Parsing relationship: /xl/worksheets/_rels/sheet2.xml.rels
2024-10-27 13:41:28.388 [main] DEBUG org.apache.poi.openxml4j.opc.PackageRelationshipCollection - Parsing relationship: /_rels/.rels
2024-10-27 13:41:29.807 [main] DEBUG org.apache.poi.ooxml.POIXMLFactory - using default POIXMLDocumentPart for http://schemas.openxmlformats.org/officeDocument/2006/relationships/printerSettings
2024-10-27 13:41:29.809 [main] DEBUG org.apache.poi.ooxml.POIXMLFactory - using default POIXMLDocumentPart for http://schemas.openxmlformats.org/officeDocument/2006/relationships/printerSettings
2024-10-27 13:41:30.109 [main] INFO  Utilities.TestNGAndExtentReportListener - verifyLoginWithValidCredentials This is from Log4j skipped
2024-10-27 13:41:30.138 [main] INFO  Utilities.TestNGAndExtentReportListener - verifyLoginWithValidCredentials This is from Log4j skipped
2024-10-27 13:41:30.160 [main] INFO  Utilities.TestNGAndExtentReportListener - verifyLoginWithValidCredentials This is from Log4j skipped
2024-10-27 13:41:30.223 [main] INFO  Utilities.TestNGAndExtentReportListener - VerifyRegistration_button This is from Log4j skipped
2024-10-27 13:41:30.246 [main] INFO  Utilities.TestNGAndExtentReportListener - VerifyRegistration_PrivacyWarning This is from Log4j skipped
2024-10-27 13:41:30.262 [main] INFO  Utilities.TestNGAndExtentReportListener - VerifyRegistration_Name_emailWarning This is from Log4j skipped
2024-10-27 13:41:30.278 [main] INFO  Utilities.TestNGAndExtentReportListener - VerifyRegisterAccountWithAllFields This is from Log4j skipped
2024-10-27 13:41:30.294 [main] INFO  Utilities.TestNGAndExtentReportListener - VerifyLogOut This is from Log4j skipped
2024-10-27 13:41:30.373 [main] INFO  Utilities.TestNGAndExtentReportListener - verifySearchWithValidProduct This is from Log4j skipped
2024-10-27 13:41:30.408 [main] INFO  Utilities.TestNGAndExtentReportListener - verifySearchWithInvalidProduct This is from Log4j skipped
2024-10-27 13:41:30.437 [main] INFO  Utilities.TestNGAndExtentReportListener - verifySearchWithInvalidProduct1 This is from Log4j skipped
2024-10-27 13:41:30.457 [main] INFO  Utilities.TestNGAndExtentReportListener - verifySearchWithInvalidProduct2 This is from Log4j skipped
2024-10-27 13:41:32.099 [main] INFO  Utilities.TestNGAndExtentReportListener - tutorialsNinjaProj-POM-PageFactorysuite Finished
2024-10-27 13:57:34.769 [main] INFO  Utilities.TestNGAndExtentReportListener - tutorialsNinjaProj-POM-PageFactorysuite started
2024-10-27 13:57:34.780 [main] ERROR Utilities.TestNGAndExtentReportListener - Throwing
2024-10-27 13:57:34.845 [main] INFO  Utilities.TestNGAndExtentReportListener - context started
2024-10-27 13:57:34.846 [main] ERROR Utilities.TestNGAndExtentReportListener - Throwing
2024-10-27 13:57:40.597 [main] INFO  Utilities.TestNGAndExtentReportListener - verifyLoginWithInvalidCredentials This is from Log4j Failure
2024-10-27 13:57:41.901 [main] DEBUG org.apache.poi.openxml4j.opc.PackageRelationshipCollection - Parsing relationship: /xl/_rels/workbook.xml.rels
2024-10-27 13:57:41.918 [main] DEBUG org.apache.poi.openxml4j.opc.PackageRelationshipCollection - Parsing relationship: /xl/worksheets/_rels/sheet1.xml.rels
2024-10-27 13:57:41.921 [main] DEBUG org.apache.poi.openxml4j.opc.PackageRelationshipCollection - Parsing relationship: /xl/worksheets/_rels/sheet2.xml.rels
2024-10-27 13:57:41.924 [main] DEBUG org.apache.poi.openxml4j.opc.PackageRelationshipCollection - Parsing relationship: /_rels/.rels
2024-10-27 13:57:43.406 [main] DEBUG org.apache.poi.ooxml.POIXMLFactory - using default POIXMLDocumentPart for http://schemas.openxmlformats.org/officeDocument/2006/relationships/printerSettings
2024-10-27 13:57:43.410 [main] DEBUG org.apache.poi.ooxml.POIXMLFactory - using default POIXMLDocumentPart for http://schemas.openxmlformats.org/officeDocument/2006/relationships/printerSettings
2024-10-27 13:57:43.952 [main] INFO  Utilities.TestNGAndExtentReportListener - verifyLoginWithValidCredentials This is from Log4j Failure
2024-10-27 13:57:44.241 [main] INFO  Utilities.TestNGAndExtentReportListener - verifyLoginWithValidCredentials This is from Log4j Failure
2024-10-27 13:57:44.500 [main] INFO  Utilities.TestNGAndExtentReportListener - verifyLoginWithValidCredentials This is from Log4j Failure
2024-10-27 13:57:50.049 [main] INFO  Utilities.TestNGAndExtentReportListener - VerifyRegistration_button This is from Log4j skipped
2024-10-27 13:57:50.093 [main] INFO  Utilities.TestNGAndExtentReportListener - VerifyRegistration_PrivacyWarning This is from Log4j skipped
2024-10-27 13:57:50.137 [main] INFO  Utilities.TestNGAndExtentReportListener - VerifyRegistration_Name_emailWarning This is from Log4j skipped
2024-10-27 13:57:50.175 [main] INFO  Utilities.TestNGAndExtentReportListener - VerifyRegisterAccountWithAllFields This is from Log4j skipped
2024-10-27 13:57:50.232 [main] INFO  Utilities.TestNGAndExtentReportListener - VerifyLogOut This is from Log4j skipped
2024-10-27 13:57:55.112 [main] INFO  Utilities.TestNGAndExtentReportListener - verifySearchWithValidProduct This is from Log4j Failure
2024-10-27 13:57:55.603 [main] INFO  Utilities.TestNGAndExtentReportListener - verifySearchWithInvalidProduct This is from Log4j Failure
2024-10-27 13:57:55.967 [main] INFO  Utilities.TestNGAndExtentReportListener - verifySearchWithInvalidProduct1 This is from Log4j Failure
2024-10-27 13:57:55.993 [main] INFO  Utilities.TestNGAndExtentReportListener - verifySearchWithInvalidProduct2 This is from Log4j skipped
2024-10-27 13:57:58.498 [main] INFO  Utilities.TestNGAndExtentReportListener - tutorialsNinjaProj-POM-PageFactorysuite Finished
2024-10-27 14:11:22.452 [main] INFO  Utilities.TestNGAndExtentReportListener - tutorialsNinjaProj-POM-PageFactorysuite started
2024-10-27 14:11:22.462 [main] ERROR Utilities.TestNGAndExtentReportListener - Throwing
2024-10-27 14:11:22.500 [main] INFO  Utilities.TestNGAndExtentReportListener - context started
2024-10-27 14:11:22.501 [main] ERROR Utilities.TestNGAndExtentReportListener - Throwing
2024-10-27 14:11:27.922 [main] INFO  Utilities.TestNGAndExtentReportListener - verifyLoginWithInvalidCredentials This is from Log4j Failure
2024-10-27 14:11:29.296 [main] DEBUG org.apache.poi.openxml4j.opc.PackageRelationshipCollection - Parsing relationship: /xl/_rels/workbook.xml.rels
2024-10-27 14:11:29.313 [main] DEBUG org.apache.poi.openxml4j.opc.PackageRelationshipCollection - Parsing relationship: /xl/worksheets/_rels/sheet1.xml.rels
2024-10-27 14:11:29.340 [main] DEBUG org.apache.poi.openxml4j.opc.PackageRelationshipCollection - Parsing relationship: /xl/worksheets/_rels/sheet2.xml.rels
2024-10-27 14:11:29.345 [main] DEBUG org.apache.poi.openxml4j.opc.PackageRelationshipCollection - Parsing relationship: /_rels/.rels
2024-10-27 14:11:30.880 [main] DEBUG org.apache.poi.ooxml.POIXMLFactory - using default POIXMLDocumentPart for http://schemas.openxmlformats.org/officeDocument/2006/relationships/printerSettings
2024-10-27 14:11:30.881 [main] DEBUG org.apache.poi.ooxml.POIXMLFactory - using default POIXMLDocumentPart for http://schemas.openxmlformats.org/officeDocument/2006/relationships/printerSettings
2024-10-27 14:11:31.397 [main] INFO  Utilities.TestNGAndExtentReportListener - verifyLoginWithValidCredentials This is from Log4j Failure
2024-10-27 14:11:31.728 [main] INFO  Utilities.TestNGAndExtentReportListener - verifyLoginWithValidCredentials This is from Log4j Failure
2024-10-27 14:11:32.123 [main] INFO  Utilities.TestNGAndExtentReportListener - verifyLoginWithValidCredentials This is from Log4j Failure
2024-10-27 14:11:37.439 [main] INFO  Utilities.TestNGAndExtentReportListener - VerifyRegistration_button This is from Log4j skipped
2024-10-27 14:11:37.476 [main] INFO  Utilities.TestNGAndExtentReportListener - VerifyRegistration_PrivacyWarning This is from Log4j skipped
2024-10-27 14:11:37.497 [main] INFO  Utilities.TestNGAndExtentReportListener - VerifyRegistration_Name_emailWarning This is from Log4j skipped
2024-10-27 14:11:37.520 [main] INFO  Utilities.TestNGAndExtentReportListener - VerifyRegisterAccountWithAllFields This is from Log4j skipped
2024-10-27 14:11:37.560 [main] INFO  Utilities.TestNGAndExtentReportListener - VerifyLogOut This is from Log4j skipped
2024-10-27 14:11:42.495 [main] INFO  Utilities.TestNGAndExtentReportListener - verifySearchWithValidProduct This is from Log4j Failure
2024-10-27 14:11:43.232 [main] INFO  Utilities.TestNGAndExtentReportListener - verifySearchWithInvalidProduct This is from Log4j Failure
2024-10-27 14:11:43.555 [main] INFO  Utilities.TestNGAndExtentReportListener - verifySearchWithInvalidProduct1 This is from Log4j Failure
2024-10-27 14:11:43.592 [main] INFO  Utilities.TestNGAndExtentReportListener - verifySearchWithInvalidProduct2 This is from Log4j skipped
2024-10-27 14:11:47.443 [main] INFO  Utilities.TestNGAndExtentReportListener - tutorialsNinjaProj-POM-PageFactorysuite Finished
2024-10-27 14:15:29.733 [main] INFO  Utilities.TestNGAndExtentReportListener - tutorialsNinjaProj-POM-PageFactorysuite started
2024-10-27 14:15:29.744 [main] ERROR Utilities.TestNGAndExtentReportListener - Throwing
2024-10-27 14:15:29.800 [main] INFO  Utilities.TestNGAndExtentReportListener - context started
2024-10-27 14:15:29.800 [main] ERROR Utilities.TestNGAndExtentReportListener - Throwing
2024-10-27 14:15:34.742 [main] INFO  Utilities.TestNGAndExtentReportListener - verifyLoginWithInvalidCredentials This is from Log4j Failure
2024-10-27 14:15:36.263 [main] DEBUG org.apache.poi.openxml4j.opc.PackageRelationshipCollection - Parsing relationship: /xl/_rels/workbook.xml.rels
2024-10-27 14:15:36.294 [main] DEBUG org.apache.poi.openxml4j.opc.PackageRelationshipCollection - Parsing relationship: /xl/worksheets/_rels/sheet1.xml.rels
2024-10-27 14:15:36.312 [main] DEBUG org.apache.poi.openxml4j.opc.PackageRelationshipCollection - Parsing relationship: /xl/worksheets/_rels/sheet2.xml.rels
2024-10-27 14:15:36.319 [main] DEBUG org.apache.poi.openxml4j.opc.PackageRelationshipCollection - Parsing relationship: /_rels/.rels
2024-10-27 14:15:38.722 [main] DEBUG org.apache.poi.ooxml.POIXMLFactory - using default POIXMLDocumentPart for http://schemas.openxmlformats.org/officeDocument/2006/relationships/printerSettings
2024-10-27 14:15:38.723 [main] DEBUG org.apache.poi.ooxml.POIXMLFactory - using default POIXMLDocumentPart for http://schemas.openxmlformats.org/officeDocument/2006/relationships/printerSettings
2024-10-27 14:15:39.775 [main] INFO  Utilities.TestNGAndExtentReportListener - verifyLoginWithValidCredentials This is from Log4j Failure
2024-10-27 14:15:40.016 [main] INFO  Utilities.TestNGAndExtentReportListener - verifyLoginWithValidCredentials This is from Log4j Failure
2024-10-27 14:15:40.253 [main] INFO  Utilities.TestNGAndExtentReportListener - verifyLoginWithValidCredentials This is from Log4j Failure
2024-10-27 14:15:45.865 [main] INFO  Utilities.TestNGAndExtentReportListener - VerifyRegistration_button This is from Log4j skipped
2024-10-27 14:15:45.937 [main] INFO  Utilities.TestNGAndExtentReportListener - VerifyRegistration_PrivacyWarning This is from Log4j skipped
2024-10-27 14:15:46.167 [main] INFO  Utilities.TestNGAndExtentReportListener - VerifyRegistration_Name_emailWarning This is from Log4j skipped
2024-10-27 14:15:46.247 [main] INFO  Utilities.TestNGAndExtentReportListener - VerifyRegisterAccountWithAllFields This is from Log4j skipped
2024-10-27 14:15:46.304 [main] INFO  Utilities.TestNGAndExtentReportListener - VerifyLogOut This is from Log4j skipped
2024-10-27 14:15:57.156 [main] INFO  Utilities.TestNGAndExtentReportListener - tutorialsNinjaProj-POM-PageFactorysuite Finished
2024-10-27 14:26:27.622 [main] INFO  Utilities.TestNGAndExtentReportListener - tutorialsNinjaProj-POM-PageFactorysuite started
2024-10-27 14:26:27.636 [main] ERROR Utilities.TestNGAndExtentReportListener - Throwing
2024-10-27 14:26:27.710 [main] INFO  Utilities.TestNGAndExtentReportListener - context started
2024-10-27 14:26:27.711 [main] ERROR Utilities.TestNGAndExtentReportListener - Throwing
2024-10-27 14:26:32.740 [main] INFO  Utilities.TestNGAndExtentReportListener - verifyLoginWithInvalidCredentials This is from Log4j Failure
2024-10-27 14:26:34.541 [main] DEBUG org.apache.poi.openxml4j.opc.PackageRelationshipCollection - Parsing relationship: /xl/_rels/workbook.xml.rels
2024-10-27 14:26:34.576 [main] DEBUG org.apache.poi.openxml4j.opc.PackageRelationshipCollection - Parsing relationship: /xl/worksheets/_rels/sheet1.xml.rels
2024-10-27 14:26:34.582 [main] DEBUG org.apache.poi.openxml4j.opc.PackageRelationshipCollection - Parsing relationship: /xl/worksheets/_rels/sheet2.xml.rels
2024-10-27 14:26:34.597 [main] DEBUG org.apache.poi.openxml4j.opc.PackageRelationshipCollection - Parsing relationship: /_rels/.rels
2024-10-27 14:26:36.134 [main] DEBUG org.apache.poi.ooxml.POIXMLFactory - using default POIXMLDocumentPart for http://schemas.openxmlformats.org/officeDocument/2006/relationships/printerSettings
2024-10-27 14:26:36.137 [main] DEBUG org.apache.poi.ooxml.POIXMLFactory - using default POIXMLDocumentPart for http://schemas.openxmlformats.org/officeDocument/2006/relationships/printerSettings
2024-10-27 14:26:40.967 [main] INFO  Utilities.TestNGAndExtentReportListener - tutorialsNinjaProj-POM-PageFactorysuite Finished
2024-10-27 14:28:36.069 [main] INFO  Utilities.TestNGAndExtentReportListener - tutorialsNinjaProj-POM-PageFactorysuite started
2024-10-27 14:28:36.085 [main] ERROR Utilities.TestNGAndExtentReportListener - Throwing
2024-10-27 14:28:36.140 [main] INFO  Utilities.TestNGAndExtentReportListener - context started
2024-10-27 14:28:36.140 [main] ERROR Utilities.TestNGAndExtentReportListener - Throwing
2024-10-27 14:28:48.343 [main] INFO  Utilities.TestNGAndExtentReportListener - verifyLoginWithInvalidCredentials This is from Log4j Passed
2024-10-27 14:28:49.380 [main] DEBUG org.apache.poi.openxml4j.opc.PackageRelationshipCollection - Parsing relationship: /xl/_rels/workbook.xml.rels
2024-10-27 14:28:49.404 [main] DEBUG org.apache.poi.openxml4j.opc.PackageRelationshipCollection - Parsing relationship: /xl/worksheets/_rels/sheet1.xml.rels
2024-10-27 14:28:49.420 [main] DEBUG org.apache.poi.openxml4j.opc.PackageRelationshipCollection - Parsing relationship: /xl/worksheets/_rels/sheet2.xml.rels
2024-10-27 14:28:49.424 [main] DEBUG org.apache.poi.openxml4j.opc.PackageRelationshipCollection - Parsing relationship: /_rels/.rels
2024-10-27 14:28:51.334 [main] DEBUG org.apache.poi.ooxml.POIXMLFactory - using default POIXMLDocumentPart for http://schemas.openxmlformats.org/officeDocument/2006/relationships/printerSettings
2024-10-27 14:28:51.335 [main] DEBUG org.apache.poi.ooxml.POIXMLFactory - using default POIXMLDocumentPart for http://schemas.openxmlformats.org/officeDocument/2006/relationships/printerSettings
2024-10-27 14:28:55.001 [main] INFO  Utilities.TestNGAndExtentReportListener - verifyLoginWithValidCredentials This is from Log4j Passed
2024-10-27 14:28:58.951 [main] INFO  Utilities.TestNGAndExtentReportListener - verifyLoginWithValidCredentials This is from Log4j Passed
2024-10-27 14:29:02.369 [main] INFO  Utilities.TestNGAndExtentReportListener - verifyLoginWithValidCredentials This is from Log4j Passed
2024-10-27 14:29:19.168 [main] INFO  Utilities.TestNGAndExtentReportListener - VerifyRegistration_button This is from Log4j Passed
2024-10-27 14:29:19.861 [main] INFO  Utilities.TestNGAndExtentReportListener - VerifyRegistration_PrivacyWarning This is from Log4j Passed
2024-10-27 14:29:21.516 [main] INFO  Utilities.TestNGAndExtentReportListener - VerifyRegistration_Name_emailWarning This is from Log4j Passed
2024-10-27 14:29:27.694 [main] INFO  Utilities.TestNGAndExtentReportListener - VerifyRegisterAccountWithAllFields This is from Log4j Passed
2024-10-27 14:29:29.137 [main] INFO  Utilities.TestNGAndExtentReportListener - VerifyLogOut This is from Log4j Passed
2024-10-27 14:29:43.688 [main] INFO  Utilities.TestNGAndExtentReportListener - verifySearchWithValidProduct This is from Log4j Passed
2024-10-27 14:29:45.127 [main] INFO  Utilities.TestNGAndExtentReportListener - verifySearchWithInvalidProduct This is from Log4j Passed
2024-10-27 14:29:46.523 [main] INFO  Utilities.TestNGAndExtentReportListener - verifySearchWithInvalidProduct1 This is from Log4j Failure
2024-10-27 14:29:46.547 [main] INFO  Utilities.TestNGAndExtentReportListener - verifySearchWithInvalidProduct2 This is from Log4j skipped
2024-10-27 14:29:49.306 [main] INFO  Utilities.TestNGAndExtentReportListener - tutorialsNinjaProj-POM-PageFactorysuite Finished
2024-10-27 15:06:05.060 [main] INFO  Utilities.TestNGAndExtentReportListener - tutorialsNinjaProj-POM-PageFactorysuite started
2024-10-27 15:06:05.074 [main] ERROR Utilities.TestNGAndExtentReportListener - Throwing
2024-10-27 15:06:05.126 [main] INFO  Utilities.TestNGAndExtentReportListener - context started
2024-10-27 15:06:05.126 [main] ERROR Utilities.TestNGAndExtentReportListener - Throwing
2024-10-27 15:06:20.519 [main] INFO  Utilities.TestNGAndExtentReportListener - verifyLoginWithInvalidCredentials This is from Log4j Passed
2024-10-27 15:06:21.734 [main] DEBUG org.apache.poi.openxml4j.opc.PackageRelationshipCollection - Parsing relationship: /xl/_rels/workbook.xml.rels
2024-10-27 15:06:21.750 [main] DEBUG org.apache.poi.openxml4j.opc.PackageRelationshipCollection - Parsing relationship: /xl/worksheets/_rels/sheet1.xml.rels
2024-10-27 15:06:21.762 [main] DEBUG org.apache.poi.openxml4j.opc.PackageRelationshipCollection - Parsing relationship: /xl/worksheets/_rels/sheet2.xml.rels
2024-10-27 15:06:21.767 [main] DEBUG org.apache.poi.openxml4j.opc.PackageRelationshipCollection - Parsing relationship: /_rels/.rels
2024-10-27 15:06:23.557 [main] DEBUG org.apache.poi.ooxml.POIXMLFactory - using default POIXMLDocumentPart for http://schemas.openxmlformats.org/officeDocument/2006/relationships/printerSettings
2024-10-27 15:06:23.558 [main] DEBUG org.apache.poi.ooxml.POIXMLFactory - using default POIXMLDocumentPart for http://schemas.openxmlformats.org/officeDocument/2006/relationships/printerSettings
2024-10-27 15:06:27.415 [main] INFO  Utilities.TestNGAndExtentReportListener - verifyLoginWithValidCredentials This is from Log4j Passed
2024-10-27 15:06:38.622 [main] INFO  Utilities.TestNGAndExtentReportListener - tutorialsNinjaProj-POM-PageFactorysuite Finished
2024-10-27 15:07:53.862 [main] INFO  Utilities.TestNGAndExtentReportListener - tutorialsNinjaProj-POM-PageFactorysuite started
2024-10-27 15:07:53.873 [main] ERROR Utilities.TestNGAndExtentReportListener - Throwing
2024-10-27 15:07:53.917 [main] INFO  Utilities.TestNGAndExtentReportListener - context started
2024-10-27 15:07:53.918 [main] ERROR Utilities.TestNGAndExtentReportListener - Throwing
2024-10-27 15:08:07.547 [main] INFO  Utilities.TestNGAndExtentReportListener - verifyLoginWithInvalidCredentials This is from Log4j Passed
2024-10-27 15:08:08.478 [main] DEBUG org.apache.poi.openxml4j.opc.PackageRelationshipCollection - Parsing relationship: /xl/_rels/workbook.xml.rels
2024-10-27 15:08:08.495 [main] DEBUG org.apache.poi.openxml4j.opc.PackageRelationshipCollection - Parsing relationship: /xl/worksheets/_rels/sheet1.xml.rels
2024-10-27 15:08:08.504 [main] DEBUG org.apache.poi.openxml4j.opc.PackageRelationshipCollection - Parsing relationship: /xl/worksheets/_rels/sheet2.xml.rels
2024-10-27 15:08:08.507 [main] DEBUG org.apache.poi.openxml4j.opc.PackageRelationshipCollection - Parsing relationship: /_rels/.rels
2024-10-27 15:08:10.109 [main] DEBUG org.apache.poi.ooxml.POIXMLFactory - using default POIXMLDocumentPart for http://schemas.openxmlformats.org/officeDocument/2006/relationships/printerSettings
2024-10-27 15:08:10.110 [main] DEBUG org.apache.poi.ooxml.POIXMLFactory - using default POIXMLDocumentPart for http://schemas.openxmlformats.org/officeDocument/2006/relationships/printerSettings
2024-10-27 15:08:14.433 [main] INFO  Utilities.TestNGAndExtentReportListener - verifyLoginWithValidCredentials This is from Log4j Passed
2024-10-27 15:08:18.048 [main] INFO  Utilities.TestNGAndExtentReportListener - verifyLoginWithValidCredentials This is from Log4j Passed
2024-10-27 15:08:21.510 [main] INFO  Utilities.TestNGAndExtentReportListener - verifyLoginWithValidCredentials This is from Log4j Passed
2024-10-27 15:08:34.561 [main] INFO  Utilities.TestNGAndExtentReportListener - VerifyRegistration_button This is from Log4j Passed
2024-10-27 15:08:35.205 [main] INFO  Utilities.TestNGAndExtentReportListener - VerifyRegistration_PrivacyWarning This is from Log4j Passed
2024-10-27 15:08:35.386 [main] INFO  Utilities.TestNGAndExtentReportListener - VerifyRegistration_Name_emailWarning This is from Log4j Passed
2024-10-27 15:08:40.972 [main] INFO  Utilities.TestNGAndExtentReportListener - VerifyRegisterAccountWithAllFields This is from Log4j Passed
2024-10-27 15:08:43.037 [main] INFO  Utilities.TestNGAndExtentReportListener - VerifyLogOut This is from Log4j Passed
2024-10-27 15:08:57.275 [main] INFO  Utilities.TestNGAndExtentReportListener - verifySearchWithValidProduct This is from Log4j Passed
2024-10-27 15:08:58.732 [main] INFO  Utilities.TestNGAndExtentReportListener - verifySearchWithInvalidProduct This is from Log4j Passed
2024-10-27 15:09:00.325 [main] INFO  Utilities.TestNGAndExtentReportListener - verifySearchWithInvalidProduct1 This is from Log4j Failure
2024-10-27 15:09:00.340 [main] INFO  Utilities.TestNGAndExtentReportListener - verifySearchWithInvalidProduct2 This is from Log4j skipped
2024-10-27 15:09:04.694 [main] INFO  Utilities.TestNGAndExtentReportListener - tutorialsNinjaProj-POM-PageFactorysuite Finished
2024-10-27 16:13:50.196 [main] INFO  Utilities.TestNGAndExtentReportListener - tutorialsNinjaProj-POM-PageFactorysuite started
2024-10-27 16:13:50.211 [main] ERROR Utilities.TestNGAndExtentReportListener - Throwing
2024-10-27 16:13:50.265 [main] INFO  Utilities.TestNGAndExtentReportListener - context started
2024-10-27 16:13:50.265 [main] ERROR Utilities.TestNGAndExtentReportListener - Throwing
2024-10-27 16:14:02.763 [main] INFO  Utilities.TestNGAndExtentReportListener - verifyLoginWithInvalidCredentials This is from Log4j Passed
2024-10-27 16:14:03.318 [main] DEBUG org.apache.poi.openxml4j.opc.PackageRelationshipCollection - Parsing relationship: /xl/_rels/workbook.xml.rels
2024-10-27 16:14:03.332 [main] DEBUG org.apache.poi.openxml4j.opc.PackageRelationshipCollection - Parsing relationship: /xl/worksheets/_rels/sheet1.xml.rels
2024-10-27 16:14:03.339 [main] DEBUG org.apache.poi.openxml4j.opc.PackageRelationshipCollection - Parsing relationship: /xl/worksheets/_rels/sheet2.xml.rels
2024-10-27 16:14:03.346 [main] DEBUG org.apache.poi.openxml4j.opc.PackageRelationshipCollection - Parsing relationship: /_rels/.rels
2024-10-27 16:14:05.660 [main] DEBUG org.apache.poi.ooxml.POIXMLFactory - using default POIXMLDocumentPart for http://schemas.openxmlformats.org/officeDocument/2006/relationships/printerSettings
2024-10-27 16:14:05.661 [main] DEBUG org.apache.poi.ooxml.POIXMLFactory - using default POIXMLDocumentPart for http://schemas.openxmlformats.org/officeDocument/2006/relationships/printerSettings
2024-10-27 16:14:09.069 [main] INFO  Utilities.TestNGAndExtentReportListener - verifyLoginWithValidCredentials This is from Log4j Passed
2024-10-27 16:14:12.341 [main] INFO  Utilities.TestNGAndExtentReportListener - verifyLoginWithValidCredentials This is from Log4j Passed
2024-10-27 16:14:15.990 [main] INFO  Utilities.TestNGAndExtentReportListener - verifyLoginWithValidCredentials This is from Log4j Passed
2024-10-27 16:14:22.038 [main] INFO  Utilities.TestNGAndExtentReportListener - VerifyRegistration_button This is from Log4j skipped
2024-10-27 16:14:22.082 [main] INFO  Utilities.TestNGAndExtentReportListener - VerifyRegistration_PrivacyWarning This is from Log4j skipped
2024-10-27 16:14:22.097 [main] INFO  Utilities.TestNGAndExtentReportListener - VerifyRegistration_Name_emailWarning This is from Log4j skipped
2024-10-27 16:14:22.138 [main] INFO  Utilities.TestNGAndExtentReportListener - VerifyRegisterAccountWithAllFields This is from Log4j skipped
2024-10-27 16:14:22.164 [main] INFO  Utilities.TestNGAndExtentReportListener - VerifyLogOut This is from Log4j skipped
2024-10-27 16:14:34.401 [main] INFO  Utilities.TestNGAndExtentReportListener - verifySearchWithValidProduct This is from Log4j Passed
2024-10-27 16:14:35.723 [main] INFO  Utilities.TestNGAndExtentReportListener - verifySearchWithInvalidProduct This is from Log4j Passed
2024-10-27 16:14:39.366 [main] INFO  Utilities.TestNGAndExtentReportListener - tutorialsNinjaProj-POM-PageFactorysuite Finished
2024-10-27 16:22:03.884 [main] INFO  Utilities.TestNGAndExtentReportListener - tutorialsNinjaProj-POM-PageFactorysuite started
2024-10-27 16:22:03.978 [main] ERROR Utilities.TestNGAndExtentReportListener - Throwing
2024-10-27 16:22:04.022 [main] INFO  Utilities.TestNGAndExtentReportListener - context started
2024-10-27 16:22:04.022 [main] ERROR Utilities.TestNGAndExtentReportListener - Throwing
2024-10-27 16:22:04.850 [main] INFO  Utilities.TestNGAndExtentReportListener - verifyLoginWithInvalidCredentials This is from Log4j skipped
2024-10-27 16:22:05.721 [main] DEBUG org.apache.poi.openxml4j.opc.PackageRelationshipCollection - Parsing relationship: /xl/_rels/workbook.xml.rels
2024-10-27 16:22:05.737 [main] DEBUG org.apache.poi.openxml4j.opc.PackageRelationshipCollection - Parsing relationship: /xl/worksheets/_rels/sheet1.xml.rels
2024-10-27 16:22:05.750 [main] DEBUG org.apache.poi.openxml4j.opc.PackageRelationshipCollection - Parsing relationship: /xl/worksheets/_rels/sheet2.xml.rels
2024-10-27 16:22:05.756 [main] DEBUG org.apache.poi.openxml4j.opc.PackageRelationshipCollection - Parsing relationship: /_rels/.rels
2024-10-27 16:22:07.080 [main] DEBUG org.apache.poi.ooxml.POIXMLFactory - using default POIXMLDocumentPart for http://schemas.openxmlformats.org/officeDocument/2006/relationships/printerSettings
2024-10-27 16:22:07.082 [main] DEBUG org.apache.poi.ooxml.POIXMLFactory - using default POIXMLDocumentPart for http://schemas.openxmlformats.org/officeDocument/2006/relationships/printerSettings
2024-10-27 16:22:07.392 [main] INFO  Utilities.TestNGAndExtentReportListener - verifyLoginWithValidCredentials This is from Log4j skipped
2024-10-27 16:22:07.422 [main] INFO  Utilities.TestNGAndExtentReportListener - verifyLoginWithValidCredentials This is from Log4j skipped
2024-10-27 16:22:07.444 [main] INFO  Utilities.TestNGAndExtentReportListener - verifyLoginWithValidCredentials This is from Log4j skipped
2024-10-27 16:22:07.492 [main] INFO  Utilities.TestNGAndExtentReportListener - VerifyRegistration_button This is from Log4j skipped
2024-10-27 16:22:07.512 [main] INFO  Utilities.TestNGAndExtentReportListener - VerifyRegistration_PrivacyWarning This is from Log4j skipped
2024-10-27 16:22:07.538 [main] INFO  Utilities.TestNGAndExtentReportListener - VerifyRegistration_Name_emailWarning This is from Log4j skipped
2024-10-27 16:22:07.580 [main] INFO  Utilities.TestNGAndExtentReportListener - VerifyRegisterAccountWithAllFields This is from Log4j skipped
2024-10-27 16:22:07.611 [main] INFO  Utilities.TestNGAndExtentReportListener - VerifyLogOut This is from Log4j skipped
2024-10-27 16:22:07.805 [main] INFO  Utilities.TestNGAndExtentReportListener - verifySearchWithValidProduct This is from Log4j skipped
2024-10-27 16:22:07.834 [main] INFO  Utilities.TestNGAndExtentReportListener - verifySearchWithInvalidProduct This is from Log4j skipped
2024-10-27 16:22:08.006 [main] INFO  Utilities.TestNGAndExtentReportListener - verifySearchWithInvalidProduct1 This is from Log4j skipped
2024-10-27 16:22:08.021 [main] INFO  Utilities.TestNGAndExtentReportListener - verifySearchWithInvalidProduct2 This is from Log4j skipped
2024-10-27 16:22:09.679 [main] INFO  Utilities.TestNGAndExtentReportListener - tutorialsNinjaProj-POM-PageFactorysuite Finished
2024-10-27 16:24:53.858 [main] INFO  Utilities.TestNGAndExtentReportListener - tutorialsNinjaProj-POM-PageFactorysuite started
2024-10-27 16:24:53.872 [main] ERROR Utilities.TestNGAndExtentReportListener - Throwing
2024-10-27 16:24:53.940 [main] INFO  Utilities.TestNGAndExtentReportListener - context started
2024-10-27 16:24:53.940 [main] ERROR Utilities.TestNGAndExtentReportListener - Throwing
2024-10-27 16:24:54.216 [main] INFO  Utilities.TestNGAndExtentReportListener - verifyLoginWithInvalidCredentials This is from Log4j skipped
2024-10-27 16:24:54.775 [main] DEBUG org.apache.poi.openxml4j.opc.PackageRelationshipCollection - Parsing relationship: /xl/_rels/workbook.xml.rels
2024-10-27 16:24:54.793 [main] DEBUG org.apache.poi.openxml4j.opc.PackageRelationshipCollection - Parsing relationship: /xl/worksheets/_rels/sheet1.xml.rels
2024-10-27 16:24:54.812 [main] DEBUG org.apache.poi.openxml4j.opc.PackageRelationshipCollection - Parsing relationship: /xl/worksheets/_rels/sheet2.xml.rels
2024-10-27 16:24:54.818 [main] DEBUG org.apache.poi.openxml4j.opc.PackageRelationshipCollection - Parsing relationship: /_rels/.rels
2024-10-27 16:24:56.203 [main] DEBUG org.apache.poi.ooxml.POIXMLFactory - using default POIXMLDocumentPart for http://schemas.openxmlformats.org/officeDocument/2006/relationships/printerSettings
2024-10-27 16:24:56.208 [main] DEBUG org.apache.poi.ooxml.POIXMLFactory - using default POIXMLDocumentPart for http://schemas.openxmlformats.org/officeDocument/2006/relationships/printerSettings
2024-10-27 16:24:56.780 [main] INFO  Utilities.TestNGAndExtentReportListener - verifyLoginWithValidCredentials This is from Log4j skipped
2024-10-27 16:24:56.806 [main] INFO  Utilities.TestNGAndExtentReportListener - verifyLoginWithValidCredentials This is from Log4j skipped
2024-10-27 16:24:56.833 [main] INFO  Utilities.TestNGAndExtentReportListener - verifyLoginWithValidCredentials This is from Log4j skipped
2024-10-27 16:24:56.872 [main] INFO  Utilities.TestNGAndExtentReportListener - VerifyRegistration_button This is from Log4j skipped
2024-10-27 16:24:56.894 [main] INFO  Utilities.TestNGAndExtentReportListener - VerifyRegistration_PrivacyWarning This is from Log4j skipped
2024-10-27 16:24:56.908 [main] INFO  Utilities.TestNGAndExtentReportListener - VerifyRegistration_Name_emailWarning This is from Log4j skipped
2024-10-27 16:24:56.930 [main] INFO  Utilities.TestNGAndExtentReportListener - VerifyRegisterAccountWithAllFields This is from Log4j skipped
2024-10-27 16:24:56.943 [main] INFO  Utilities.TestNGAndExtentReportListener - VerifyLogOut This is from Log4j skipped
2024-10-27 16:24:57.016 [main] INFO  Utilities.TestNGAndExtentReportListener - verifySearchWithValidProduct This is from Log4j skipped
2024-10-27 16:24:57.030 [main] INFO  Utilities.TestNGAndExtentReportListener - verifySearchWithInvalidProduct This is from Log4j skipped
2024-10-27 16:24:57.061 [main] INFO  Utilities.TestNGAndExtentReportListener - verifySearchWithInvalidProduct1 This is from Log4j skipped
2024-10-27 16:24:57.076 [main] INFO  Utilities.TestNGAndExtentReportListener - verifySearchWithInvalidProduct2 This is from Log4j skipped
2024-10-27 16:24:58.527 [main] INFO  Utilities.TestNGAndExtentReportListener - tutorialsNinjaProj-POM-PageFactorysuite Finished
2024-10-27 16:27:31.226 [main] INFO  Utilities.TestNGAndExtentReportListener - tutorialsNinjaProj-POM-PageFactorysuite started
2024-10-27 16:27:31.259 [main] ERROR Utilities.TestNGAndExtentReportListener - Throwing
2024-10-27 16:27:31.374 [main] INFO  Utilities.TestNGAndExtentReportListener - context started
2024-10-27 16:27:31.374 [main] ERROR Utilities.TestNGAndExtentReportListener - Throwing
2024-10-27 16:27:54.130 [main] INFO  Utilities.TestNGAndExtentReportListener - verifyLoginWithInvalidCredentials This is from Log4j Passed
2024-10-27 16:27:55.789 [main] DEBUG org.apache.poi.openxml4j.opc.PackageRelationshipCollection - Parsing relationship: /xl/_rels/workbook.xml.rels
2024-10-27 16:27:55.797 [main] DEBUG org.apache.poi.openxml4j.opc.PackageRelationshipCollection - Parsing relationship: /xl/worksheets/_rels/sheet1.xml.rels
2024-10-27 16:27:55.804 [main] DEBUG org.apache.poi.openxml4j.opc.PackageRelationshipCollection - Parsing relationship: /xl/worksheets/_rels/sheet2.xml.rels
2024-10-27 16:27:55.810 [main] DEBUG org.apache.poi.openxml4j.opc.PackageRelationshipCollection - Parsing relationship: /_rels/.rels
2024-10-27 16:27:57.584 [main] DEBUG org.apache.poi.ooxml.POIXMLFactory - using default POIXMLDocumentPart for http://schemas.openxmlformats.org/officeDocument/2006/relationships/printerSettings
2024-10-27 16:27:57.585 [main] DEBUG org.apache.poi.ooxml.POIXMLFactory - using default POIXMLDocumentPart for http://schemas.openxmlformats.org/officeDocument/2006/relationships/printerSettings
2024-10-27 16:28:02.021 [main] INFO  Utilities.TestNGAndExtentReportListener - verifyLoginWithValidCredentials This is from Log4j Passed
2024-10-27 16:28:06.485 [main] INFO  Utilities.TestNGAndExtentReportListener - verifyLoginWithValidCredentials This is from Log4j Passed
2024-10-27 16:28:11.403 [main] INFO  Utilities.TestNGAndExtentReportListener - verifyLoginWithValidCredentials This is from Log4j Passed
2024-10-27 16:28:39.102 [main] INFO  Utilities.TestNGAndExtentReportListener - VerifyRegistration_button This is from Log4j Passed
2024-10-27 16:28:39.291 [main] INFO  Utilities.TestNGAndExtentReportListener - VerifyRegistration_PrivacyWarning This is from Log4j Passed
2024-10-27 16:28:39.576 [main] INFO  Utilities.TestNGAndExtentReportListener - VerifyRegistration_Name_emailWarning This is from Log4j Passed
2024-10-27 16:28:42.120 [main] INFO  Utilities.TestNGAndExtentReportListener - VerifyRegisterAccountWithAllFields This is from Log4j Passed
2024-10-27 16:28:43.686 [main] INFO  Utilities.TestNGAndExtentReportListener - VerifyLogOut This is from Log4j Passed
2024-10-27 16:29:04.323 [main] INFO  Utilities.TestNGAndExtentReportListener - verifySearchWithValidProduct This is from Log4j skipped
2024-10-27 16:29:04.351 [main] INFO  Utilities.TestNGAndExtentReportListener - verifySearchWithInvalidProduct This is from Log4j skipped
2024-10-27 16:29:04.376 [main] INFO  Utilities.TestNGAndExtentReportListener - verifySearchWithInvalidProduct1 This is from Log4j skipped
2024-10-27 16:29:04.397 [main] INFO  Utilities.TestNGAndExtentReportListener - verifySearchWithInvalidProduct2 This is from Log4j skipped
2024-10-27 16:29:06.636 [main] INFO  Utilities.TestNGAndExtentReportListener - tutorialsNinjaProj-POM-PageFactorysuite Finished
2024-10-27 16:47:24.250 [main] INFO  Utilities.TestNGAndExtentReportListener - tutorialsNinjaProj-POM-PageFactorysuite started
2024-10-27 16:47:24.265 [main] ERROR Utilities.TestNGAndExtentReportListener - Throwing
2024-10-27 16:47:24.328 [main] INFO  Utilities.TestNGAndExtentReportListener - context started
2024-10-27 16:47:24.328 [main] ERROR Utilities.TestNGAndExtentReportListener - Throwing
2024-10-27 16:47:42.193 [main] INFO  Utilities.TestNGAndExtentReportListener - verifyLoginWithInvalidCredentials This is from Log4j Passed
2024-10-27 16:47:43.147 [main] DEBUG org.apache.poi.openxml4j.opc.PackageRelationshipCollection - Parsing relationship: /xl/_rels/workbook.xml.rels
2024-10-27 16:47:43.162 [main] DEBUG org.apache.poi.openxml4j.opc.PackageRelationshipCollection - Parsing relationship: /xl/worksheets/_rels/sheet1.xml.rels
2024-10-27 16:47:43.174 [main] DEBUG org.apache.poi.openxml4j.opc.PackageRelationshipCollection - Parsing relationship: /xl/worksheets/_rels/sheet2.xml.rels
2024-10-27 16:47:43.180 [main] DEBUG org.apache.poi.openxml4j.opc.PackageRelationshipCollection - Parsing relationship: /_rels/.rels
2024-10-27 16:47:44.416 [main] DEBUG org.apache.poi.ooxml.POIXMLFactory - using default POIXMLDocumentPart for http://schemas.openxmlformats.org/officeDocument/2006/relationships/printerSettings
2024-10-27 16:47:44.417 [main] DEBUG org.apache.poi.ooxml.POIXMLFactory - using default POIXMLDocumentPart for http://schemas.openxmlformats.org/officeDocument/2006/relationships/printerSettings
2024-10-27 16:47:48.770 [main] INFO  Utilities.TestNGAndExtentReportListener - verifyLoginWithValidCredentials This is from Log4j Passed
2024-10-27 16:47:52.941 [main] INFO  Utilities.TestNGAndExtentReportListener - verifyLoginWithValidCredentials This is from Log4j Passed
2024-10-27 16:47:57.644 [main] INFO  Utilities.TestNGAndExtentReportListener - verifyLoginWithValidCredentials This is from Log4j Passed
2024-10-27 16:48:12.502 [main] INFO  Utilities.TestNGAndExtentReportListener - VerifyRegistration_button This is from Log4j skipped
2024-10-27 16:48:12.543 [main] INFO  Utilities.TestNGAndExtentReportListener - VerifyRegistration_PrivacyWarning This is from Log4j skipped
2024-10-27 16:48:12.565 [main] INFO  Utilities.TestNGAndExtentReportListener - VerifyRegistration_Name_emailWarning This is from Log4j skipped
2024-10-27 16:48:12.582 [main] INFO  Utilities.TestNGAndExtentReportListener - VerifyRegisterAccountWithAllFields This is from Log4j skipped
2024-10-27 16:48:12.615 [main] INFO  Utilities.TestNGAndExtentReportListener - VerifyLogOut This is from Log4j skipped
2024-10-27 16:48:23.392 [main] INFO  Utilities.TestNGAndExtentReportListener - verifySearchWithValidProduct This is from Log4j skipped
2024-10-27 16:48:23.421 [main] INFO  Utilities.TestNGAndExtentReportListener - verifySearchWithInvalidProduct This is from Log4j skipped
2024-10-27 16:48:23.440 [main] INFO  Utilities.TestNGAndExtentReportListener - verifySearchWithInvalidProduct1 This is from Log4j skipped
2024-10-27 16:48:23.455 [main] INFO  Utilities.TestNGAndExtentReportListener - verifySearchWithInvalidProduct2 This is from Log4j skipped
2024-10-27 16:48:25.306 [main] INFO  Utilities.TestNGAndExtentReportListener - tutorialsNinjaProj-POM-PageFactorysuite Finished
2024-11-06 15:05:37.322 [main] DEBUG org.apache.poi.openxml4j.opc.PackageRelationshipCollection - Parsing relationship: /xl/_rels/workbook.xml.rels
2024-11-06 15:05:37.353 [main] DEBUG org.apache.poi.openxml4j.opc.PackageRelationshipCollection - Parsing relationship: /xl/worksheets/_rels/sheet1.xml.rels
2024-11-06 15:05:37.359 [main] DEBUG org.apache.poi.openxml4j.opc.PackageRelationshipCollection - Parsing relationship: /xl/worksheets/_rels/sheet2.xml.rels
2024-11-06 15:05:37.362 [main] DEBUG org.apache.poi.openxml4j.opc.PackageRelationshipCollection - Parsing relationship: /_rels/.rels
2024-11-06 15:05:38.897 [main] DEBUG org.apache.poi.ooxml.POIXMLFactory - using default POIXMLDocumentPart for http://schemas.openxmlformats.org/officeDocument/2006/relationships/printerSettings
2024-11-06 15:05:38.898 [main] DEBUG org.apache.poi.ooxml.POIXMLFactory - using default POIXMLDocumentPart for http://schemas.openxmlformats.org/officeDocument/2006/relationships/printerSettings
2024-11-06 15:33:41.688 [main] INFO  Utilities.TestNGAndExtentReportListener - tutorialsNinjaProj-POM-PageFactorysuite started
2024-11-06 15:33:41.697 [main] ERROR Utilities.TestNGAndExtentReportListener - Throwing
2024-11-06 15:33:41.788 [main] INFO  Utilities.TestNGAndExtentReportListener - context started
2024-11-06 15:33:41.789 [main] ERROR Utilities.TestNGAndExtentReportListener - Throwing
2024-11-06 15:34:40.041 [main] INFO  Utilities.TestNGAndExtentReportListener - verifyLoginWithInvalidCredentials This is from Log4j Passed
2024-11-06 15:34:43.396 [main] DEBUG org.apache.poi.openxml4j.opc.PackageRelationshipCollection - Parsing relationship: /xl/_rels/workbook.xml.rels
2024-11-06 15:34:43.430 [main] DEBUG org.apache.poi.openxml4j.opc.PackageRelationshipCollection - Parsing relationship: /xl/worksheets/_rels/sheet1.xml.rels
2024-11-06 15:34:43.627 [main] DEBUG org.apache.poi.openxml4j.opc.PackageRelationshipCollection - Parsing relationship: /xl/worksheets/_rels/sheet2.xml.rels
2024-11-06 15:34:43.647 [main] DEBUG org.apache.poi.openxml4j.opc.PackageRelationshipCollection - Parsing relationship: /_rels/.rels
2024-11-06 15:34:50.731 [main] DEBUG org.apache.poi.ooxml.POIXMLFactory - using default POIXMLDocumentPart for http://schemas.openxmlformats.org/officeDocument/2006/relationships/printerSettings
2024-11-06 15:34:50.732 [main] DEBUG org.apache.poi.ooxml.POIXMLFactory - using default POIXMLDocumentPart for http://schemas.openxmlformats.org/officeDocument/2006/relationships/printerSettings
2024-11-06 15:35:04.926 [main] INFO  Utilities.TestNGAndExtentReportListener - verifyLoginWithValidCredentials This is from Log4j Passed
2024-11-06 15:35:15.415 [main] INFO  Utilities.TestNGAndExtentReportListener - verifyLoginWithValidCredentials This is from Log4j Passed
2024-11-06 15:35:22.657 [main] INFO  Utilities.TestNGAndExtentReportListener - verifyLoginWithValidCredentials This is from Log4j Passed
2024-11-06 15:35:54.443 [main] INFO  Utilities.TestNGAndExtentReportListener - VerifyRegistration_button This is from Log4j Passed
2024-11-06 15:35:55.121 [main] INFO  Utilities.TestNGAndExtentReportListener - VerifyRegistration_PrivacyWarning This is from Log4j Passed
2024-11-06 15:35:55.239 [main] INFO  Utilities.TestNGAndExtentReportListener - VerifyRegistration_Name_emailWarning This is from Log4j Passed
2024-11-06 15:35:57.485 [main] INFO  Utilities.TestNGAndExtentReportListener - VerifyRegisterAccountWithAllFields This is from Log4j Passed
2024-11-06 15:35:58.346 [main] INFO  Utilities.TestNGAndExtentReportListener - VerifyLogOut This is from Log4j Passed
2024-11-06 15:36:21.619 [main] INFO  Utilities.TestNGAndExtentReportListener - verifySearchWithValidProduct This is from Log4j Passed
2024-11-06 15:36:22.614 [main] INFO  Utilities.TestNGAndExtentReportListener - verifySearchWithInvalidProduct This is from Log4j Passed
2024-11-06 15:36:24.242 [main] INFO  Utilities.TestNGAndExtentReportListener - verifySearchWithInvalidProduct1 This is from Log4j Failure
2024-11-06 15:36:24.272 [main] INFO  Utilities.TestNGAndExtentReportListener - verifySearchWithInvalidProduct2 This is from Log4j skipped
2024-11-06 15:36:31.207 [main] INFO  Utilities.TestNGAndExtentReportListener - tutorialsNinjaProj-POM-PageFactorysuite Finished
